<?xml version="1.0" encoding="UTF-8"?>
<!-- Generated by org.testng.reporters.JUnitReportReporter -->
<testsuite hostname="diksha1wn1" failures="0" tests="5" name="testCases.Product_DataDrivenTestCase" time="6.030" errors="0" timestamp="2025-06-23T19:10:28 IST" skipped="0">
  <testcase classname="testCases.Product_DataDrivenTestCase" name="testAddNewProduct" time="1.204"/>
  <testcase classname="testCases.Product_DataDrivenTestCase" name="testAddNewProduct" time="1.158"/>
  <testcase classname="testCases.Product_DataDrivenTestCase" name="testAddNewProduct" time="1.188"/>
  <testcase classname="testCases.Product_DataDrivenTestCase" name="testAddNewProduct" time="1.248"/>
  <testcase classname="testCases.Product_DataDrivenTestCase" name="testAddNewProduct" time="1.232"/>
</testsuite> <!-- testCases.Product_DataDrivenTestCase -->
