<?xml version="1.0" encoding="UTF-8"?>
<!-- Generated by org.testng.reporters.JUnitReportReporter -->
<testsuite hostname="diksha1wn1" failures="0" tests="3" name="testCases.Schema_TestCases" time="4.351" errors="0" timestamp="2025-06-26T16:05:09 IST" skipped="0">
  <testcase classname="testCases.Schema_TestCases" name="testProductSchema" time="0.569"/>
  <testcase classname="testCases.Schema_TestCases" name="testUserSchema" time="0.732"/>
  <testcase classname="testCases.Schema_TestCases" name="testCartSchema" time="3.050"/>
</testsuite> <!-- testCases.Schema_TestCases -->
