<?xml version="1.0" encoding="UTF-8"?>
<!-- Generated by org.testng.reporters.JUnitReportReporter -->
<testsuite hostname="diksha1wn1" failures="0" tests="3" name="testCases.Schema_TestCases" time="2.171" errors="0" timestamp="2025-06-26T18:58:46 IST" skipped="0">
  <testcase classname="testCases.Schema_TestCases" name="testCartSchema" time="0.969"/>
  <testcase classname="testCases.Schema_TestCases" name="testProductSchema" time="0.551"/>
  <testcase classname="testCases.Schema_TestCases" name="testUserSchema" time="0.651"/>
</testsuite> <!-- testCases.Schema_TestCases -->
