<?xml version="1.0" encoding="UTF-8"?>
<!-- Generated by org.testng.reporters.JUnitReportReporter -->
<testsuite hostname="diksha1wn1" failures="0" tests="5" name="testCases.Product_DataDrivenTestCase" time="8.544" errors="0" timestamp="2025-06-26T18:48:49 IST" skipped="0">
  <testcase classname="testCases.Product_DataDrivenTestCase" name="testAddNewProduct" time="1.152"/>
  <testcase classname="testCases.Product_DataDrivenTestCase" name="testAddNewProduct" time="3.725"/>
  <testcase classname="testCases.Product_DataDrivenTestCase" name="testAddNewProduct" time="1.254"/>
  <testcase classname="testCases.Product_DataDrivenTestCase" name="testAddNewProduct" time="1.216"/>
  <testcase classname="testCases.Product_DataDrivenTestCase" name="testAddNewProduct" time="1.197"/>
</testsuite> <!-- testCases.Product_DataDrivenTestCase -->
