<?xml version="1.0" encoding="UTF-8"?>
<!-- Generated by org.testng.reporters.JUnitReportReporter -->
<testsuite hostname="diksha1wn1" failures="0" tests="2" name="testCases.Login_TestCases" time="0.735" errors="0" timestamp="2025-06-26T14:12:56 IST" skipped="1">
  <testcase classname="testCases.Login_TestCases" name="testValidUserLogin" time="0.735"/>
  <testcase classname="testCases.Login_TestCases" name="testInvalidUserLogin">
    <skipped/>
  </testcase> <!-- testInvalidUserLogin -->
</testsuite> <!-- testCases.Login_TestCases -->
