<?xml version="1.0" encoding="UTF-8"?>
<!-- Generated by org.testng.reporters.JUnitReportReporter -->
<testsuite hostname="diksha1wn1" failures="0" tests="10" name="testCases.Product_TestCases" time="4.592" errors="0" timestamp="2025-06-26T14:12:56 IST" skipped="7">
  <testcase classname="testCases.Product_TestCases" name="testAddNewProduct" time="3.355"/>
  <testcase classname="testCases.Product_TestCases" name="testUpdateProduct" time="0.585"/>
  <testcase classname="testCases.Product_TestCases" name="testDeleteProduct" time="0.652"/>
  <testcase classname="testCases.Product_TestCases" name="testGetSingleProductById">
    <skipped/>
  </testcase> <!-- testGetSingleProductById -->
  <testcase classname="testCases.Product_TestCases" name="testGetProductsByCategory">
    <skipped/>
  </testcase> <!-- testGetProductsByCategory -->
  <testcase classname="testCases.Product_TestCases" name="testGetLimitedProducts">
    <skipped/>
  </testcase> <!-- testGetLimitedProducts -->
  <testcase classname="testCases.Product_TestCases" name="testGetAllCategories">
    <skipped/>
  </testcase> <!-- testGetAllCategories -->
  <testcase classname="testCases.Product_TestCases" name="testGetSortedProductsAsc">
    <skipped/>
  </testcase> <!-- testGetSortedProductsAsc -->
  <testcase classname="testCases.Product_TestCases" name="testGetAllProducts">
    <skipped/>
  </testcase> <!-- testGetAllProducts -->
  <testcase classname="testCases.Product_TestCases" name="testGetSortedProducts">
    <skipped/>
  </testcase> <!-- testGetSortedProducts -->
</testsuite> <!-- testCases.Product_TestCases -->
