<?xml version="1.0" encoding="UTF-8"?>
<!-- Generated by org.testng.reporters.JUnitReportReporter -->
<testsuite hostname="diksha1wn1" failures="0" tests="8" name="testCases.User_TestCases" time="3.401" errors="0" timestamp="2025-06-26T18:58:46 IST" skipped="6">
  <testcase classname="testCases.User_TestCases" name="testUpdateUser" time="0.915"/>
  <testcase classname="testCases.User_TestCases" name="testDeleteUser" time="2.486"/>
  <testcase classname="testCases.User_TestCases" name="testGetUsersSorted">
    <skipped/>
  </testcase> <!-- testGetUsersSorted -->
  <testcase classname="testCases.User_TestCases" name="testGetAllUsers">
    <skipped/>
  </testcase> <!-- testGetAllUsers -->
  <testcase classname="testCases.User_TestCases" name="testGetUsersWithLimit">
    <skipped/>
  </testcase> <!-- testGetUsersWithLimit -->
  <testcase classname="testCases.User_TestCases" name="testGetUserById">
    <skipped/>
  </testcase> <!-- testGetUserById -->
  <testcase classname="testCases.User_TestCases" name="testCreateUser">
    <skipped/>
  </testcase> <!-- testCreateUser -->
  <testcase classname="testCases.User_TestCases" name="testGetUsersSorted_desc">
    <skipped/>
  </testcase> <!-- testGetUsersSorted_desc -->
</testsuite> <!-- testCases.User_TestCases -->
