<?xml version="1.0" encoding="UTF-8"?>
<!-- Generated by org.testng.reporters.JUnitReportReporter -->
<testsuite hostname="diksha1wn1" failures="0" tests="10" name="testCases.Cart_TestCases" time="1.241" errors="0" timestamp="2025-06-26T14:12:56 IST" skipped="8">
  <testcase classname="testCases.Cart_TestCases" name="testUpdateCart" time="0.586"/>
  <testcase classname="testCases.Cart_TestCases" name="testDeleteCart" time="0.655"/>
  <testcase classname="testCases.Cart_TestCases" name="testCreateCart">
    <skipped/>
  </testcase> <!-- testCreateCart -->
  <testcase classname="testCases.Cart_TestCases" name="testGetCartsWithLimit">
    <skipped/>
  </testcase> <!-- testGetCartsWithLimit -->
  <testcase classname="testCases.Cart_TestCases" name="testGetAllCarts">
    <skipped/>
  </testcase> <!-- testGetAllCarts -->
  <testcase classname="testCases.Cart_TestCases" name="testGetCartsByDateRange">
    <skipped/>
  </testcase> <!-- testGetCartsByDateRange -->
  <testcase classname="testCases.Cart_TestCases" name="testGetCartById">
    <skipped/>
  </testcase> <!-- testGetCartById -->
  <testcase classname="testCases.Cart_TestCases" name="testGetCartsSorted">
    <skipped/>
  </testcase> <!-- testGetCartsSorted -->
  <testcase classname="testCases.Cart_TestCases" name="testGetUserCart">
    <skipped/>
  </testcase> <!-- testGetUserCart -->
  <testcase classname="testCases.Cart_TestCases" name="testGetCartsSortedAsc">
    <skipped/>
  </testcase> <!-- testGetCartsSortedAsc -->
</testsuite> <!-- testCases.Cart_TestCases -->
